[2021-04-07 00:24:35,231] multiqc                                            [DEBUG  ]  No MultiQC config found: /gpfs1/home/j/w/jwcollie/miniconda3/lib/python3.8/site-packages/multiqc_config.yaml
[2021-04-07 00:24:35,231] multiqc                                            [DEBUG  ]  No MultiQC config found: /users/j/w/jwcollie/.multiqc_config.yaml
[2021-04-07 00:24:35,231] multiqc                                            [DEBUG  ]  No MultiQC config found: multiqc_config.yaml
[2021-04-07 00:24:35,231] multiqc                                            [DEBUG  ]  Command used: /users/j/w/jwcollie/miniconda3/bin/multiqc raw_reads/ -o multiqc_raw_reads
[2021-04-07 00:24:36,968] multiqc                                            [WARNING]  MultiQC Version v1.10.1 now available!
[2021-04-07 00:24:36,968] multiqc                                            [INFO   ]  This is MultiQC v1.10
[2021-04-07 00:24:36,969] multiqc                                            [DEBUG  ]  Command     : /users/j/w/jwcollie/miniconda3/bin/multiqc raw_reads/ -o multiqc_raw_reads
[2021-04-07 00:24:36,969] multiqc                                            [DEBUG  ]  Working dir : /gpfs1/home/j/w/jwcollie/metagenomics
[2021-04-07 00:24:36,969] multiqc                                            [INFO   ]  Template    : default
[2021-04-07 00:24:36,969] multiqc                                            [DEBUG  ]  Running Python 3.8.5 (default, Sep  4 2020, 07:30:14)  [GCC 7.3.0]
[2021-04-07 00:24:36,969] multiqc                                            [INFO   ]  Searching   : /gpfs1/home/j/w/jwcollie/metagenomics/raw_reads
[2021-04-07 00:24:36,971] multiqc                                            [DEBUG  ]  Analysing modules: custom_content, ngsderive, purple, conpair, peddy, somalier, methylQA, mosdepth, phantompeakqualtools, qualimap, preseq, quast, qorts, rna_seqc, rockhopper, rsem, rseqc, busco, goleft_indexcov, disambiguate, supernova, deeptools, sargasso, verifybamid, mirtrace, happy, mirtop, homer, hops, macs2, theta2, snpeff, gatk, htseq, bcftools, featureCounts, fgbio, dragen, dedup, damageprofiler, biobambam2, jcvi, mtnucratio, picard, sentieon, prokka, qc3C, samblaster, samtools, sexdeterrmine, eigenstratdatabasetools, bamtools, jellyfish, vcftools, longranger, stacks, varscan2, bbmap, bismark, biscuit, hicexplorer, hicup, hicpro, salmon, kallisto, slamdunk, star, hisat2, tophat, bowtie2, bowtie1, snpsplit, kat, leehom, adapterRemoval, clipandmerge, cutadapt, flexbar, kaiju, kraken, malt, trimmomatic, sickle, skewer, sortmerna, biobloomtools, fastq_screen, afterqc, fastp, fastqc, pychopper, pycoqc, minionqc, multivcfanalyzer, clusterflow, bcl2fastq, interop, ivar, flash, seqyclean, optitype
[2021-04-07 00:24:36,971] multiqc                                            [DEBUG  ]  Using temporary directory for creating report: /tmp/tmp8cdbbmjn
[2021-04-07 00:24:38,127] multiqc                                            [DEBUG  ]  Ignoring file as matched an ignore pattern: G80432_pe_2.fastq.gz
[2021-04-07 00:24:38,127] multiqc                                            [DEBUG  ]  Ignoring file as matched an ignore pattern: G80419_pe_1.fastq.gz
[2021-04-07 00:24:38,158] multiqc                                            [DEBUG  ]  File ignored by hicexplorer because it exceeded search pattern filesize limit: G78713_pe_1_fastqc.html
[2021-04-07 00:24:38,162] multiqc                                            [DEBUG  ]  File ignored by longranger/invocation because it exceeded search pattern filesize limit: G78713_pe_1_fastqc.html
[2021-04-07 00:24:38,211] multiqc                                            [DEBUG  ]  Ignoring file as matched an ignore pattern: G80370_pe_2.fastq.gz
[2021-04-07 00:24:38,225] multiqc                                            [DEBUG  ]  File ignored by hicexplorer because it exceeded search pattern filesize limit: G78624_pe_2_fastqc.html
[2021-04-07 00:24:38,227] multiqc                                            [DEBUG  ]  File ignored by longranger/invocation because it exceeded search pattern filesize limit: G78624_pe_2_fastqc.html
[2021-04-07 00:24:38,271] multiqc                                            [DEBUG  ]  Ignoring file as matched an ignore pattern: G78624_pe_1.fastq.gz
[2021-04-07 00:24:38,280] multiqc                                            [DEBUG  ]  File ignored by hicexplorer because it exceeded search pattern filesize limit: G78867_pe_2_fastqc.html
[2021-04-07 00:24:38,282] multiqc                                            [DEBUG  ]  File ignored by longranger/invocation because it exceeded search pattern filesize limit: G78867_pe_2_fastqc.html
[2021-04-07 00:24:38,334] multiqc                                            [DEBUG  ]  Ignoring file as matched an ignore pattern: G78867_pe_2.fastq.gz
[2021-04-07 00:24:38,335] multiqc                                            [DEBUG  ]  Ignoring file as matched an ignore pattern: G80583_pe_2.fastq.gz
[2021-04-07 00:24:38,342] multiqc                                            [DEBUG  ]  File ignored by hicexplorer because it exceeded search pattern filesize limit: G80433_pe_2_fastqc.html
[2021-04-07 00:24:38,345] multiqc                                            [DEBUG  ]  File ignored by longranger/invocation because it exceeded search pattern filesize limit: G80433_pe_2_fastqc.html
[2021-04-07 00:24:38,403] multiqc                                            [DEBUG  ]  File ignored by hicexplorer because it exceeded search pattern filesize limit: G80273_pe_1_fastqc.html
[2021-04-07 00:24:38,406] multiqc                                            [DEBUG  ]  File ignored by longranger/invocation because it exceeded search pattern filesize limit: G80273_pe_1_fastqc.html
[2021-04-07 00:24:38,462] multiqc                                            [DEBUG  ]  File ignored by hicexplorer because it exceeded search pattern filesize limit: G80433_pe_1_fastqc.html
[2021-04-07 00:24:38,464] multiqc                                            [DEBUG  ]  File ignored by longranger/invocation because it exceeded search pattern filesize limit: G80433_pe_1_fastqc.html
[2021-04-07 00:24:38,549] multiqc                                            [DEBUG  ]  File ignored by hicexplorer because it exceeded search pattern filesize limit: G78519_pe_2_fastqc.html
[2021-04-07 00:24:38,553] multiqc                                            [DEBUG  ]  File ignored by longranger/invocation because it exceeded search pattern filesize limit: G78519_pe_2_fastqc.html
[2021-04-07 00:24:38,611] multiqc                                            [DEBUG  ]  File ignored by hicexplorer because it exceeded search pattern filesize limit: G69185_pe_2_fastqc.html
[2021-04-07 00:24:38,613] multiqc                                            [DEBUG  ]  File ignored by longranger/invocation because it exceeded search pattern filesize limit: G69185_pe_2_fastqc.html
[2021-04-07 00:24:38,677] multiqc                                            [DEBUG  ]  File ignored by hicexplorer because it exceeded search pattern filesize limit: G80394_pe_1_fastqc.html
[2021-04-07 00:24:38,680] multiqc                                            [DEBUG  ]  File ignored by longranger/invocation because it exceeded search pattern filesize limit: G80394_pe_1_fastqc.html
[2021-04-07 00:24:38,724] multiqc                                            [DEBUG  ]  Ignoring file as matched an ignore pattern: G78580_pe_2.fastq.gz
[2021-04-07 00:24:38,725] multiqc                                            [DEBUG  ]  Ignoring file as matched an ignore pattern: G78651_pe_2.fastq.gz
[2021-04-07 00:24:38,725] multiqc                                            [DEBUG  ]  Ignoring file as matched an ignore pattern: G69230_pe_1.fastq.gz
[2021-04-07 00:24:38,725] multiqc                                            [DEBUG  ]  Ignoring file as matched an ignore pattern: G80394_pe_1.fastq.gz
[2021-04-07 00:24:38,795] multiqc                                            [DEBUG  ]  File ignored by hicexplorer because it exceeded search pattern filesize limit: G80370_pe_2_fastqc.html
[2021-04-07 00:24:38,799] multiqc                                            [DEBUG  ]  File ignored by longranger/invocation because it exceeded search pattern filesize limit: G80370_pe_2_fastqc.html
[2021-04-07 00:24:38,869] multiqc                                            [DEBUG  ]  File ignored by hicexplorer because it exceeded search pattern filesize limit: G78580_pe_1_fastqc.html
[2021-04-07 00:24:38,872] multiqc                                            [DEBUG  ]  File ignored by longranger/invocation because it exceeded search pattern filesize limit: G78580_pe_1_fastqc.html
[2021-04-07 00:24:38,926] multiqc                                            [DEBUG  ]  File ignored by hicexplorer because it exceeded search pattern filesize limit: G69185_pe_1_fastqc.html
[2021-04-07 00:24:38,928] multiqc                                            [DEBUG  ]  File ignored by longranger/invocation because it exceeded search pattern filesize limit: G69185_pe_1_fastqc.html
[2021-04-07 00:24:38,976] multiqc                                            [DEBUG  ]  Ignoring file as matched an ignore pattern: G78519_pe_2.fastq.gz
[2021-04-07 00:24:38,977] multiqc                                            [DEBUG  ]  Ignoring file as matched an ignore pattern: G80432_pe_1.fastq.gz
[2021-04-07 00:24:38,977] multiqc                                            [DEBUG  ]  Ignoring file as matched an ignore pattern: G80370_pe_1.fastq.gz
[2021-04-07 00:24:38,983] multiqc                                            [DEBUG  ]  File ignored by hicexplorer because it exceeded search pattern filesize limit: G80583_pe_1_fastqc.html
[2021-04-07 00:24:38,985] multiqc                                            [DEBUG  ]  File ignored by longranger/invocation because it exceeded search pattern filesize limit: G80583_pe_1_fastqc.html
[2021-04-07 00:24:39,043] multiqc                                            [DEBUG  ]  File ignored by hicexplorer because it exceeded search pattern filesize limit: G78624_pe_1_fastqc.html
[2021-04-07 00:24:39,047] multiqc                                            [DEBUG  ]  File ignored by longranger/invocation because it exceeded search pattern filesize limit: G78624_pe_1_fastqc.html
[2021-04-07 00:24:39,109] multiqc                                            [DEBUG  ]  Ignoring file as matched an ignore pattern: G78580_pe_1.fastq.gz
[2021-04-07 00:24:39,109] multiqc                                            [DEBUG  ]  Ignoring file as matched an ignore pattern: G80419_pe_2.fastq.gz
[2021-04-07 00:24:39,109] multiqc                                            [DEBUG  ]  Ignoring file as matched an ignore pattern: G80417_pe_1.fastq.gz
[2021-04-07 00:24:39,110] multiqc                                            [DEBUG  ]  Ignoring file as matched an ignore pattern: G69185_pe_1.fastq.gz
[2021-04-07 00:24:39,110] multiqc                                            [DEBUG  ]  Ignoring file as matched an ignore pattern: G78651_pe_1.fastq.gz
[2021-04-07 00:24:39,111] multiqc                                            [DEBUG  ]  Ignoring file as matched an ignore pattern: G78624_pe_2.fastq.gz
[2021-04-07 00:24:39,120] multiqc                                            [DEBUG  ]  File ignored by hicexplorer because it exceeded search pattern filesize limit: G69230_pe_1_fastqc.html
[2021-04-07 00:24:39,122] multiqc                                            [DEBUG  ]  File ignored by longranger/invocation because it exceeded search pattern filesize limit: G69230_pe_1_fastqc.html
[2021-04-07 00:24:39,164] multiqc                                            [DEBUG  ]  Ignoring file as matched an ignore pattern: G80417_pe_2.fastq.gz
[2021-04-07 00:24:39,165] multiqc                                            [DEBUG  ]  Ignoring file as matched an ignore pattern: G80273_pe_2.fastq.gz
[2021-04-07 00:24:39,166] multiqc                                            [DEBUG  ]  Ignoring file as matched an ignore pattern: G80326_pe_1.fastq.gz
[2021-04-07 00:24:39,166] multiqc                                            [DEBUG  ]  Ignoring file as matched an ignore pattern: G80433_pe_1.fastq.gz
[2021-04-07 00:24:39,192] multiqc                                            [DEBUG  ]  File ignored by hicexplorer because it exceeded search pattern filesize limit: G78856_pe_1_fastqc.html
[2021-04-07 00:24:39,196] multiqc                                            [DEBUG  ]  File ignored by longranger/invocation because it exceeded search pattern filesize limit: G78856_pe_1_fastqc.html
[2021-04-07 00:24:39,349] multiqc                                            [DEBUG  ]  File ignored by hicexplorer because it exceeded search pattern filesize limit: G80273_pe_2_fastqc.html
[2021-04-07 00:24:39,353] multiqc                                            [DEBUG  ]  File ignored by longranger/invocation because it exceeded search pattern filesize limit: G80273_pe_2_fastqc.html
[2021-04-07 00:24:39,408] multiqc                                            [DEBUG  ]  Ignoring file as matched an ignore pattern: G69185_pe_2.fastq.gz
[2021-04-07 00:24:39,408] multiqc                                            [DEBUG  ]  Ignoring file as matched an ignore pattern: G80433_pe_2.fastq.gz
[2021-04-07 00:24:39,470] multiqc                                            [DEBUG  ]  File ignored by hicexplorer because it exceeded search pattern filesize limit: G78519_pe_1_fastqc.html
[2021-04-07 00:24:39,474] multiqc                                            [DEBUG  ]  File ignored by longranger/invocation because it exceeded search pattern filesize limit: G78519_pe_1_fastqc.html
[2021-04-07 00:24:39,532] multiqc                                            [DEBUG  ]  Ignoring file as matched an ignore pattern: G80583_pe_1.fastq.gz
[2021-04-07 00:24:39,532] multiqc                                            [DEBUG  ]  Ignoring file as matched an ignore pattern: G78856_pe_2.fastq.gz
[2021-04-07 00:24:39,533] multiqc                                            [DEBUG  ]  Ignoring file as matched an ignore pattern: G80394_pe_2.fastq.gz
[2021-04-07 00:24:39,533] multiqc                                            [DEBUG  ]  Ignoring file as matched an ignore pattern: G80326_pe_2.fastq.gz
[2021-04-07 00:24:39,539] multiqc                                            [DEBUG  ]  File ignored by hicexplorer because it exceeded search pattern filesize limit: G80417_pe_2_fastqc.html
[2021-04-07 00:24:39,541] multiqc                                            [DEBUG  ]  File ignored by longranger/invocation because it exceeded search pattern filesize limit: G80417_pe_2_fastqc.html
[2021-04-07 00:24:39,595] multiqc                                            [DEBUG  ]  Ignoring file as matched an ignore pattern: G80273_pe_1.fastq.gz
[2021-04-07 00:24:39,668] multiqc                                            [DEBUG  ]  File ignored by hicexplorer because it exceeded search pattern filesize limit: G78651_pe_1_fastqc.html
[2021-04-07 00:24:39,672] multiqc                                            [DEBUG  ]  File ignored by longranger/invocation because it exceeded search pattern filesize limit: G78651_pe_1_fastqc.html
[2021-04-07 00:24:39,740] multiqc                                            [DEBUG  ]  File ignored by hicexplorer because it exceeded search pattern filesize limit: G78713_pe_2_fastqc.html
[2021-04-07 00:24:39,744] multiqc                                            [DEBUG  ]  File ignored by longranger/invocation because it exceeded search pattern filesize limit: G78713_pe_2_fastqc.html
[2021-04-07 00:24:39,791] multiqc                                            [DEBUG  ]  Ignoring file as matched an ignore pattern: G78713_pe_1.fastq.gz
[2021-04-07 00:24:39,810] multiqc                                            [DEBUG  ]  File ignored by hicexplorer because it exceeded search pattern filesize limit: G78580_pe_2_fastqc.html
[2021-04-07 00:24:39,815] multiqc                                            [DEBUG  ]  File ignored by longranger/invocation because it exceeded search pattern filesize limit: G78580_pe_2_fastqc.html
[2021-04-07 00:24:39,861] multiqc                                            [DEBUG  ]  Ignoring file as matched an ignore pattern: G78713_pe_2.fastq.gz
[2021-04-07 00:24:39,866] multiqc                                            [DEBUG  ]  File ignored by hicexplorer because it exceeded search pattern filesize limit: G80432_pe_1_fastqc.html
[2021-04-07 00:24:39,868] multiqc                                            [DEBUG  ]  File ignored by longranger/invocation because it exceeded search pattern filesize limit: G80432_pe_1_fastqc.html
[2021-04-07 00:24:39,933] multiqc                                            [DEBUG  ]  File ignored by hicexplorer because it exceeded search pattern filesize limit: G78856_pe_2_fastqc.html
[2021-04-07 00:24:39,936] multiqc                                            [DEBUG  ]  File ignored by longranger/invocation because it exceeded search pattern filesize limit: G78856_pe_2_fastqc.html
[2021-04-07 00:24:39,989] multiqc                                            [DEBUG  ]  File ignored by hicexplorer because it exceeded search pattern filesize limit: G69230_pe_2_fastqc.html
[2021-04-07 00:24:39,991] multiqc                                            [DEBUG  ]  File ignored by longranger/invocation because it exceeded search pattern filesize limit: G69230_pe_2_fastqc.html
[2021-04-07 00:24:40,050] multiqc                                            [DEBUG  ]  File ignored by hicexplorer because it exceeded search pattern filesize limit: G80326_pe_2_fastqc.html
[2021-04-07 00:24:40,052] multiqc                                            [DEBUG  ]  File ignored by longranger/invocation because it exceeded search pattern filesize limit: G80326_pe_2_fastqc.html
[2021-04-07 00:24:40,102] multiqc                                            [DEBUG  ]  File ignored by hicexplorer because it exceeded search pattern filesize limit: G80432_pe_2_fastqc.html
[2021-04-07 00:24:40,104] multiqc                                            [DEBUG  ]  File ignored by longranger/invocation because it exceeded search pattern filesize limit: G80432_pe_2_fastqc.html
[2021-04-07 00:24:40,156] multiqc                                            [DEBUG  ]  Ignoring file as matched an ignore pattern: G78519_pe_1.fastq.gz
[2021-04-07 00:24:40,161] multiqc                                            [DEBUG  ]  File ignored by hicexplorer because it exceeded search pattern filesize limit: G80417_pe_1_fastqc.html
[2021-04-07 00:24:40,163] multiqc                                            [DEBUG  ]  File ignored by longranger/invocation because it exceeded search pattern filesize limit: G80417_pe_1_fastqc.html
[2021-04-07 00:24:40,233] multiqc                                            [DEBUG  ]  File ignored by hicexplorer because it exceeded search pattern filesize limit: G80326_pe_1_fastqc.html
[2021-04-07 00:24:40,238] multiqc                                            [DEBUG  ]  File ignored by longranger/invocation because it exceeded search pattern filesize limit: G80326_pe_1_fastqc.html
[2021-04-07 00:24:40,313] multiqc                                            [DEBUG  ]  File ignored by hicexplorer because it exceeded search pattern filesize limit: G78651_pe_2_fastqc.html
[2021-04-07 00:24:40,318] multiqc                                            [DEBUG  ]  File ignored by longranger/invocation because it exceeded search pattern filesize limit: G78651_pe_2_fastqc.html
[2021-04-07 00:24:40,390] multiqc                                            [DEBUG  ]  File ignored by hicexplorer because it exceeded search pattern filesize limit: G78867_pe_1_fastqc.html
[2021-04-07 00:24:40,393] multiqc                                            [DEBUG  ]  File ignored by longranger/invocation because it exceeded search pattern filesize limit: G78867_pe_1_fastqc.html
[2021-04-07 00:24:40,449] multiqc                                            [DEBUG  ]  File ignored by hicexplorer because it exceeded search pattern filesize limit: G80419_pe_2_fastqc.html
[2021-04-07 00:24:40,451] multiqc                                            [DEBUG  ]  File ignored by longranger/invocation because it exceeded search pattern filesize limit: G80419_pe_2_fastqc.html
[2021-04-07 00:24:40,497] multiqc                                            [DEBUG  ]  Ignoring file as matched an ignore pattern: G69230_pe_2.fastq.gz
[2021-04-07 00:24:40,497] multiqc                                            [DEBUG  ]  Ignoring file as matched an ignore pattern: G78867_pe_1.fastq.gz
[2021-04-07 00:24:40,498] multiqc                                            [DEBUG  ]  Ignoring file as matched an ignore pattern: G78856_pe_1.fastq.gz
[2021-04-07 00:24:40,504] multiqc                                            [DEBUG  ]  File ignored by hicexplorer because it exceeded search pattern filesize limit: G80583_pe_2_fastqc.html
[2021-04-07 00:24:40,506] multiqc                                            [DEBUG  ]  File ignored by longranger/invocation because it exceeded search pattern filesize limit: G80583_pe_2_fastqc.html
[2021-04-07 00:24:40,568] multiqc                                            [DEBUG  ]  File ignored by hicexplorer because it exceeded search pattern filesize limit: G80394_pe_2_fastqc.html
[2021-04-07 00:24:40,570] multiqc                                            [DEBUG  ]  File ignored by longranger/invocation because it exceeded search pattern filesize limit: G80394_pe_2_fastqc.html
[2021-04-07 00:24:40,622] multiqc                                            [DEBUG  ]  File ignored by hicexplorer because it exceeded search pattern filesize limit: G80419_pe_1_fastqc.html
[2021-04-07 00:24:40,624] multiqc                                            [DEBUG  ]  File ignored by longranger/invocation because it exceeded search pattern filesize limit: G80419_pe_1_fastqc.html
[2021-04-07 00:24:40,733] multiqc                                            [DEBUG  ]  File ignored by hicexplorer because it exceeded search pattern filesize limit: G80370_pe_1_fastqc.html
[2021-04-07 00:24:40,737] multiqc                                            [DEBUG  ]  File ignored by longranger/invocation because it exceeded search pattern filesize limit: G80370_pe_1_fastqc.html
[2021-04-07 00:24:48,444] multiqc.plots.bargraph                             [DEBUG  ]  Using matplotlib version 3.3.4
[2021-04-07 00:24:48,461] multiqc.plots.linegraph                            [DEBUG  ]  Using matplotlib version 3.3.4
[2021-04-07 00:24:48,499] multiqc                                            [DEBUG  ]  No samples found: custom_content
[2021-04-07 00:24:48,572] multiqc                                            [DEBUG  ]  No samples found: ngsderive
[2021-04-07 00:24:48,600] multiqc                                            [DEBUG  ]  No samples found: purple
[2021-04-07 00:24:48,625] multiqc                                            [DEBUG  ]  No samples found: conpair
[2021-04-07 00:24:48,656] multiqc                                            [DEBUG  ]  No samples found: peddy
[2021-04-07 00:24:48,684] multiqc                                            [DEBUG  ]  No samples found: somalier
[2021-04-07 00:24:48,732] multiqc                                            [DEBUG  ]  No samples found: methylQA
[2021-04-07 00:24:48,804] multiqc                                            [DEBUG  ]  No samples found: mosdepth
[2021-04-07 00:24:48,839] multiqc                                            [DEBUG  ]  No samples found: phantompeakqualtools
[2021-04-07 00:24:48,861] multiqc                                            [DEBUG  ]  No samples found: qualimap
[2021-04-07 00:24:48,892] multiqc                                            [DEBUG  ]  No samples found: preseq
[2021-04-07 00:24:48,928] multiqc                                            [DEBUG  ]  No samples found: quast
[2021-04-07 00:24:48,962] multiqc                                            [DEBUG  ]  No samples found: qorts
[2021-04-07 00:24:49,001] multiqc                                            [DEBUG  ]  No samples found: rna_seqc
[2021-04-07 00:24:49,039] multiqc                                            [DEBUG  ]  No samples found: rockhopper
[2021-04-07 00:24:49,082] multiqc                                            [DEBUG  ]  No samples found: rsem
[2021-04-07 00:24:49,397] multiqc                                            [DEBUG  ]  No samples found: rseqc
[2021-04-07 00:24:49,429] multiqc                                            [DEBUG  ]  No samples found: busco
[2021-04-07 00:24:49,461] multiqc                                            [DEBUG  ]  No samples found: goleft_indexcov
[2021-04-07 00:24:49,503] multiqc                                            [DEBUG  ]  No samples found: disambiguate
[2021-04-07 00:24:49,539] multiqc                                            [DEBUG  ]  No samples found: supernova
[2021-04-07 00:24:49,832] multiqc                                            [DEBUG  ]  No samples found: deeptools
[2021-04-07 00:24:49,863] multiqc                                            [DEBUG  ]  No samples found: sargasso
[2021-04-07 00:24:49,916] multiqc                                            [DEBUG  ]  No samples found: verifybamid
[2021-04-07 00:24:49,950] multiqc                                            [DEBUG  ]  No samples found: mirtrace
[2021-04-07 00:24:49,981] multiqc                                            [DEBUG  ]  No samples found: happy
[2021-04-07 00:24:50,011] multiqc                                            [DEBUG  ]  No samples found: mirtop
[2021-04-07 00:24:50,074] multiqc                                            [DEBUG  ]  No samples found: homer
[2021-04-07 00:24:50,117] multiqc                                            [DEBUG  ]  No samples found: hops
[2021-04-07 00:24:50,142] multiqc                                            [DEBUG  ]  No samples found: macs2
[2021-04-07 00:24:50,211] multiqc                                            [DEBUG  ]  No samples found: theta2
[2021-04-07 00:24:50,235] multiqc                                            [DEBUG  ]  No samples found: snpeff
[2021-04-07 00:24:50,304] multiqc                                            [DEBUG  ]  No samples found: gatk
[2021-04-07 00:24:50,348] multiqc                                            [DEBUG  ]  No samples found: htseq
[2021-04-07 00:24:50,409] multiqc                                            [DEBUG  ]  No samples found: bcftools
[2021-04-07 00:24:50,448] multiqc                                            [DEBUG  ]  No samples found: featureCounts
[2021-04-07 00:24:50,597] multiqc                                            [DEBUG  ]  No samples found: fgbio
[2021-04-07 00:24:50,881] multiqc                                            [DEBUG  ]  No samples found: dragen
[2021-04-07 00:24:50,938] multiqc                                            [DEBUG  ]  No samples found: dedup
[2021-04-07 00:24:50,993] multiqc                                            [DEBUG  ]  No samples found: damageprofiler
[2021-04-07 00:24:51,433] multiqc                                            [DEBUG  ]  No samples found: biobambam2
[2021-04-07 00:24:51,464] multiqc                                            [DEBUG  ]  No samples found: jcvi
[2021-04-07 00:24:51,503] multiqc                                            [DEBUG  ]  No samples found: mtnucratio
[2021-04-07 00:24:51,511] multiqc                                            [DEBUG  ]  No samples found: picard
[2021-04-07 00:24:51,575] multiqc                                            [DEBUG  ]  No samples found: sentieon
[2021-04-07 00:24:51,607] multiqc                                            [DEBUG  ]  No samples found: prokka
[2021-04-07 00:24:51,640] multiqc                                            [DEBUG  ]  No samples found: qc3C
[2021-04-07 00:24:51,675] multiqc                                            [DEBUG  ]  No samples found: samblaster
[2021-04-07 00:24:51,771] multiqc                                            [DEBUG  ]  No samples found: samtools
[2021-04-07 00:24:51,813] multiqc                                            [DEBUG  ]  No samples found: sexdeterrmine
[2021-04-07 00:24:51,854] multiqc                                            [DEBUG  ]  No samples found: eigenstratdatabasetools
[2021-04-07 00:24:51,920] multiqc                                            [DEBUG  ]  No samples found: bamtools
[2021-04-07 00:24:51,950] multiqc                                            [DEBUG  ]  No samples found: jellyfish
[2021-04-07 00:24:52,126] multiqc                                            [DEBUG  ]  No samples found: vcftools
[2021-04-07 00:24:52,185] multiqc                                            [DEBUG  ]  No samples found: longranger
[2021-04-07 00:24:52,221] multiqc                                            [DEBUG  ]  No samples found: stacks
[2021-04-07 00:24:52,254] multiqc                                            [DEBUG  ]  No samples found: varscan2
[2021-04-07 00:24:52,517] multiqc                                            [DEBUG  ]  No samples found: bbmap
[2021-04-07 00:24:52,551] multiqc                                            [DEBUG  ]  No samples found: bismark
[2021-04-07 00:24:52,582] multiqc                                            [DEBUG  ]  No samples found: biscuit
[2021-04-07 00:24:52,617] multiqc                                            [DEBUG  ]  No samples found: hicexplorer
[2021-04-07 00:24:52,660] multiqc                                            [DEBUG  ]  No samples found: hicup
[2021-04-07 00:24:52,690] multiqc                                            [DEBUG  ]  No samples found: hicpro
[2021-04-07 00:24:52,725] multiqc                                            [DEBUG  ]  No samples found: salmon
[2021-04-07 00:24:52,790] multiqc                                            [DEBUG  ]  No samples found: kallisto
[2021-04-07 00:24:52,839] multiqc                                            [DEBUG  ]  No samples found: slamdunk
[2021-04-07 00:24:52,873] multiqc                                            [DEBUG  ]  No samples found: star
[2021-04-07 00:24:52,915] multiqc                                            [DEBUG  ]  No samples found: hisat2
[2021-04-07 00:24:52,936] multiqc                                            [DEBUG  ]  No samples found: tophat
[2021-04-07 00:24:52,967] multiqc                                            [DEBUG  ]  No samples found: bowtie2
[2021-04-07 00:24:52,997] multiqc                                            [DEBUG  ]  No samples found: bowtie1
[2021-04-07 00:24:53,040] multiqc                                            [DEBUG  ]  No samples found: snpsplit
[2021-04-07 00:24:53,082] multiqc                                            [DEBUG  ]  No samples found: kat
[2021-04-07 00:24:53,113] multiqc                                            [DEBUG  ]  No samples found: leehom
[2021-04-07 00:24:53,187] multiqc                                            [DEBUG  ]  No samples found: adapterRemoval
[2021-04-07 00:24:53,219] multiqc                                            [DEBUG  ]  No samples found: clipandmerge
[2021-04-07 00:24:53,249] multiqc                                            [DEBUG  ]  No samples found: cutadapt
[2021-04-07 00:24:53,289] multiqc                                            [DEBUG  ]  No samples found: flexbar
[2021-04-07 00:24:53,326] multiqc                                            [DEBUG  ]  No samples found: kaiju
[2021-04-07 00:24:53,371] multiqc                                            [DEBUG  ]  No samples found: kraken
[2021-04-07 00:24:53,408] multiqc                                            [DEBUG  ]  No samples found: malt
[2021-04-07 00:24:53,429] multiqc                                            [DEBUG  ]  No samples found: trimmomatic
[2021-04-07 00:24:53,458] multiqc                                            [DEBUG  ]  No samples found: sickle
[2021-04-07 00:24:53,490] multiqc                                            [DEBUG  ]  No samples found: skewer
[2021-04-07 00:24:53,512] multiqc                                            [DEBUG  ]  No samples found: sortmerna
[2021-04-07 00:24:53,537] multiqc                                            [DEBUG  ]  No samples found: biobloomtools
[2021-04-07 00:24:53,570] multiqc                                            [DEBUG  ]  No samples found: fastq_screen
[2021-04-07 00:24:53,615] multiqc                                            [DEBUG  ]  No samples found: afterqc
[2021-04-07 00:24:53,673] multiqc                                            [DEBUG  ]  No samples found: fastp
[2021-04-07 00:24:54,843] multiqc.modules.fastqc.fastqc                      [INFO   ]  Found 36 reports
[2021-04-07 00:24:55,394] multiqc                                            [DEBUG  ]  No samples found: pychopper
[2021-04-07 00:24:55,425] multiqc                                            [DEBUG  ]  No samples found: pycoqc
[2021-04-07 00:24:55,453] multiqc                                            [DEBUG  ]  No samples found: minionqc
[2021-04-07 00:24:55,490] multiqc                                            [DEBUG  ]  No samples found: multivcfanalyzer
[2021-04-07 00:24:55,528] multiqc                                            [DEBUG  ]  No samples found: clusterflow
[2021-04-07 00:24:55,571] multiqc                                            [DEBUG  ]  No samples found: bcl2fastq
[2021-04-07 00:24:55,607] multiqc                                            [DEBUG  ]  No samples found: interop
[2021-04-07 00:24:55,640] multiqc                                            [DEBUG  ]  No samples found: ivar
[2021-04-07 00:24:55,675] multiqc                                            [DEBUG  ]  No samples found: flash
[2021-04-07 00:24:55,709] multiqc                                            [DEBUG  ]  No samples found: seqyclean
[2021-04-07 00:24:55,765] multiqc                                            [DEBUG  ]  No samples found: optitype
[2021-04-07 00:24:55,830] multiqc                                            [INFO   ]  Compressing plot data
[2021-04-07 00:24:56,603] multiqc                                            [INFO   ]  Report      : multiqc_raw_reads/multiqc_report.html
[2021-04-07 00:24:56,604] multiqc                                            [INFO   ]  Data        : multiqc_raw_reads/multiqc_data
[2021-04-07 00:24:56,604] multiqc                                            [DEBUG  ]  Moving data file from '/tmp/tmp8cdbbmjn/multiqc_data' to 'multiqc_raw_reads/multiqc_data'
[2021-04-07 00:24:58,921] multiqc                                            [INFO   ]  MultiQC complete
